android/app/build/intermediates/manifest_merge_blame_file/debug/manifest-merger-blame-debug-report.txt
1<?xml version="1.0" encoding="utf-8"?>
2<manifest xmlns:android="http://schemas.android.com/apk/res/android"
3    package="com.rndemo"
4    android:versionCode="1"
5    android:versionName="1.0" >
6
7    <uses-sdk
8        android:minSdkVersion="21"
9        android:targetSdkVersion="30" />
10
11    <uses-permission android:name="android.permission.SYSTEM_ALERT_WINDOW" />
11-->src/main/AndroidManifest.xml:5:11-83
11-->src/main/AndroidManifest.xml:5:28-81
12    <uses-permission android:name="android.permission.INTERNET" />
12-->src/main/AndroidManifest.xml:4:5-67
12-->src/main/AndroidManifest.xml:4:22-64
13    <uses-permission android:name="android.permission.RECEIVE_BOOT_COMPLETED" />
13-->src/main/AndroidManifest.xml:6:5-81
13-->src/main/AndroidManifest.xml:6:22-78
14    <uses-permission android:name="android.permission.VIBRATE" />
14-->src/main/AndroidManifest.xml:7:5-66
14-->src/main/AndroidManifest.xml:7:22-63
15    <uses-permission android:name="android.permission.ACCESS_NETWORK_STATE" />
15-->src/main/AndroidManifest.xml:8:5-78
15-->src/main/AndroidManifest.xml:8:22-76
16    <uses-permission android:name="android.permission.CAMERA" />
16-->src/main/AndroidManifest.xml:9:5-65
16-->src/main/AndroidManifest.xml:9:22-62
17    <uses-permission android:name="android.perm ission.READ_EXTERNAL_STORAGE" />
17-->src/main/AndroidManifest.xml:10:5-81
17-->src/main/AndroidManifest.xml:10:22-78
18    <uses-permission android:name="android.permission.WRITE_EXTERNAL_STORAGE" />
18-->src/main/AndroidManifest.xml:11:5-81
18-->src/main/AndroidManifest.xml:11:22-78
19    <uses-permission android:name="android.permission.FOREGROUND_SERVICE" />
19-->src/main/AndroidManifest.xml:12:5-77
19-->src/main/AndroidManifest.xml:12:22-74
20    <uses-permission android:name="android.permission.ACCESS_WIFI_STATE" />
20-->[com.facebook.flipper:flipper:0.93.0] AndroidManifest.xml:16:5-76
20-->[com.facebook.flipper:flipper:0.93.0] AndroidManifest.xml:16:22-73
21    <uses-permission android:name="android.permission.WAKE_LOCK" /> <!-- Required by older versions of Google Play services to create IID tokens -->
21-->[:react-native-firebase_database] AndroidManifest.xml:10:5-68
21-->[:react-native-firebase_database] AndroidManifest.xml:10:22-65
22    <uses-permission android:name="com.google.android.c2dm.permission.RECEIVE" />
22-->[com.google.firebase:firebase-messaging:22.0.0] AndroidManifest.xml:25:5-82
22-->[com.google.firebase:firebase-messaging:22.0.0] AndroidManifest.xml:25:22-79
23    <uses-permission android:name="com.google.android.finsky.permission.BIND_GET_INSTALL_REFERRER_SERVICE" /> <!-- for android -->
23-->[com.google.android.gms:play-services-measurement:19.0.0] AndroidManifest.xml:26:5-110
23-->[com.google.android.gms:play-services-measurement:19.0.0] AndroidManifest.xml:26:22-107
24    <!-- <uses-permission android:name="com.android.launcher.permission.READ_SETTINGS"/> -->
25    <!-- <uses-permission android:name="com.android.launcher.permission.WRITE_SETTINGS"/> -->
26    <!-- <uses-permission android:name="com.android.launcher.permission.INSTALL_SHORTCUT" /> -->
27    <!-- <uses-permission android:name="com.android.launcher.permission.UNINSTALL_SHORTCUT" /> -->
28    <!-- for Samsung -->
29    <uses-permission android:name="com.sec.android.provider.badge.permission.READ" />
29-->[me.leolin:ShortcutBadger:1.1.22] AndroidManifest.xml:19:5-86
29-->[me.leolin:ShortcutBadger:1.1.22] AndroidManifest.xml:19:22-83
30    <uses-permission android:name="com.sec.android.provider.badge.permission.WRITE" /> <!-- for htc -->
30-->[me.leolin:ShortcutBadger:1.1.22] AndroidManifest.xml:20:5-87
30-->[me.leolin:ShortcutBadger:1.1.22] AndroidManifest.xml:20:22-84
31    <uses-permission android:name="com.htc.launcher.permission.READ_SETTINGS" />
31-->[me.leolin:ShortcutBadger:1.1.22] AndroidManifest.xml:23:5-81
31-->[me.leolin:ShortcutBadger:1.1.22] AndroidManifest.xml:23:22-78
32    <uses-permission android:name="com.htc.launcher.permission.UPDATE_SHORTCUT" /> <!-- for sony -->
32-->[me.leolin:ShortcutBadger:1.1.22] AndroidManifest.xml:24:5-83
32-->[me.leolin:ShortcutBadger:1.1.22] AndroidManifest.xml:24:22-80
33    <uses-permission android:name="com.sonyericsson.home.permission.BROADCAST_BADGE" />
33-->[me.leolin:ShortcutBadger:1.1.22] AndroidManifest.xml:27:5-88
33-->[me.leolin:ShortcutBadger:1.1.22] AndroidManifest.xml:27:22-85
34    <uses-permission android:name="com.sonymobile.home.permission.PROVIDER_INSERT_BADGE" /> <!-- for apex -->
34-->[me.leolin:ShortcutBadger:1.1.22] AndroidManifest.xml:28:5-92
34-->[me.leolin:ShortcutBadger:1.1.22] AndroidManifest.xml:28:22-89
35    <uses-permission android:name="com.anddoes.launcher.permission.UPDATE_COUNT" /> <!-- for solid -->
35-->[me.leolin:ShortcutBadger:1.1.22] AndroidManifest.xml:31:5-84
35-->[me.leolin:ShortcutBadger:1.1.22] AndroidManifest.xml:31:22-81
36    <uses-permission android:name="com.majeur.launcher.permission.UPDATE_BADGE" /> <!-- for huawei -->
36-->[me.leolin:ShortcutBadger:1.1.22] AndroidManifest.xml:34:5-83
36-->[me.leolin:ShortcutBadger:1.1.22] AndroidManifest.xml:34:22-80
37    <uses-permission android:name="com.huawei.android.launcher.permission.CHANGE_BADGE" />
37-->[me.leolin:ShortcutBadger:1.1.22] AndroidManifest.xml:37:5-91
37-->[me.leolin:ShortcutBadger:1.1.22] AndroidManifest.xml:37:22-88
38    <uses-permission android:name="com.huawei.android.launcher.permission.READ_SETTINGS" />
38-->[me.leolin:ShortcutBadger:1.1.22] AndroidManifest.xml:38:5-92
38-->[me.leolin:ShortcutBadger:1.1.22] AndroidManifest.xml:38:22-89
39    <uses-permission android:name="com.huawei.android.launcher.permission.WRITE_SETTINGS" /> <!-- for ZUK -->
39-->[me.leolin:ShortcutBadger:1.1.22] AndroidManifest.xml:39:5-93
39-->[me.leolin:ShortcutBadger:1.1.22] AndroidManifest.xml:39:22-90
40    <uses-permission android:name="android.permission.READ_APP_BADGE" /> <!-- for OPPO -->
40-->[me.leolin:ShortcutBadger:1.1.22] AndroidManifest.xml:42:5-73
40-->[me.leolin:ShortcutBadger:1.1.22] AndroidManifest.xml:42:22-70
41    <uses-permission android:name="com.oppo.launcher.permission.READ_SETTINGS" />
41-->[me.leolin:ShortcutBadger:1.1.22] AndroidManifest.xml:45:5-82
41-->[me.leolin:ShortcutBadger:1.1.22] AndroidManifest.xml:45:22-79
42    <uses-permission android:name="com.oppo.launcher.permission.WRITE_SETTINGS" /> <!-- for EvMe -->
42-->[me.leolin:ShortcutBadger:1.1.22] AndroidManifest.xml:46:5-83
42-->[me.leolin:ShortcutBadger:1.1.22] AndroidManifest.xml:46:22-80
43    <uses-permission android:name="me.everything.badger.permission.BADGE_COUNT_READ" />
43-->[me.leolin:ShortcutBadger:1.1.22] AndroidManifest.xml:49:5-88
43-->[me.leolin:ShortcutBadger:1.1.22] AndroidManifest.xml:49:22-85
44    <uses-permission android:name="me.everything.badger.permission.BADGE_COUNT_WRITE" />
44-->[me.leolin:ShortcutBadger:1.1.22] AndroidManifest.xml:50:5-89
44-->[me.leolin:ShortcutBadger:1.1.22] AndroidManifest.xml:50:22-86
45
46    <application
46-->src/main/AndroidManifest.xml:13:5-33:23
47        android:name="com.rndemo.MainApplication"
47-->src/main/AndroidManifest.xml:36:7-38
48        android:allowBackup="false"
48-->src/main/AndroidManifest.xml:41:7-34
49        android:appComponentFactory="androidx.core.app.CoreComponentFactory"
49-->[androidx.core:core:1.6.0] AndroidManifest.xml:24:18-86
50        android:debuggable="true"
51        android:icon="@mipmap/ic_launcher"
51-->src/main/AndroidManifest.xml:39:7-41
52        android:label="@string/app_name"
52-->src/main/AndroidManifest.xml:37:7-39
53        android:largeHeap="true"
53-->src/main/AndroidManifest.xml:42:7-31
54        android:roundIcon="@mipmap/ic_launcher_round"
54-->src/main/AndroidManifest.xml:40:7-52
55        android:theme="@style/AppTheme"
55-->src/main/AndroidManifest.xml:38:6-37
56        android:usesCleartextTraffic="true" >
56-->src/debug/AndroidManifest.xml:8:9-44
57        <activity android:name="com.facebook.react.devsupport.DevSettingsActivity" />
57-->src/debug/AndroidManifest.xml:11:9-86
57-->src/debug/AndroidManifest.xml:11:19-83
58
59        <meta-data
59-->src/main/AndroidManifest.xml:14:9-120
60            android:name="com.dieam.reactnativepushnotification.notification_foreground"
60-->src/main/AndroidManifest.xml:14:21-97
61            android:value="true" />
61-->src/main/AndroidManifest.xml:14:98-118
62        <meta-data
62-->src/main/AndroidManifest.xml:15:9-126
63            android:name="com.dieam.reactnativepushnotification.notification_color"
63-->src/main/AndroidManifest.xml:15:21-92
64            android:resource="@color/white" />
64-->src/main/AndroidManifest.xml:15:93-124
65
66        <receiver android:name="com.dieam.reactnativepushnotification.modules.RNPushNotificationActions" />
66-->src/main/AndroidManifest.xml:16:8-107
66-->src/main/AndroidManifest.xml:16:18-104
67        <receiver android:name="com.dieam.reactnativepushnotification.modules.RNPushNotificationPublisher" />
67-->src/main/AndroidManifest.xml:17:9-110
67-->src/main/AndroidManifest.xml:17:19-107
68        <receiver android:name="com.dieam.reactnativepushnotification.modules.RNPushNotificationBootEventReceiver" >
68-->src/main/AndroidManifest.xml:18:9-24:20
68-->src/main/AndroidManifest.xml:18:19-115
69            <intent-filter>
69-->src/main/AndroidManifest.xml:19:13-23:29
70                <action android:name="android.intent.action.BOOT_COMPLETED" />
70-->src/main/AndroidManifest.xml:20:17-79
70-->src/main/AndroidManifest.xml:20:25-76
71                <action android:name="android.intent.action.QUICKBOOT_POWERON" />
71-->src/main/AndroidManifest.xml:21:17-82
71-->src/main/AndroidManifest.xml:21:25-79
72                <action android:name="com.htc.intent.action.QUICKBOOT_POWERON" />
72-->src/main/AndroidManifest.xml:22:17-81
72-->src/main/AndroidManifest.xml:22:25-79
73            </intent-filter>
74        </receiver>
75
76        <service
76-->src/main/AndroidManifest.xml:26:9-32:19
77            android:name="com.dieam.reactnativepushnotification.modules.RNPushNotificationListenerService"
77-->src/main/AndroidManifest.xml:27:13-107
78            android:exported="false" >
78-->src/main/AndroidManifest.xml:28:13-37
79            <intent-filter>
79-->src/main/AndroidManifest.xml:29:13-31:29
80                <action android:name="com.google.firebase.MESSAGING_EVENT" />
80-->src/main/AndroidManifest.xml:30:17-78
80-->src/main/AndroidManifest.xml:30:25-75
81            </intent-filter>
82        </service> <!-- Splsh Activity -->
83        <activity
83-->src/main/AndroidManifest.xml:47:7-56:18
84            android:name="com.rndemo.SplashActivity"
84-->src/main/AndroidManifest.xml:48:9-39
85            android:exported="true"
85-->src/main/AndroidManifest.xml:51:5-28
86            android:label="@string/app_name"
86-->src/main/AndroidManifest.xml:49:9-41
87            android:theme="@style/SplashTheme" >
87-->src/main/AndroidManifest.xml:50:11-45
88            <intent-filter>
88-->src/main/AndroidManifest.xml:52:9-55:23
89                <action android:name="android.intent.action.MAIN" />
89-->src/main/AndroidManifest.xml:53:9-61
89-->src/main/AndroidManifest.xml:53:17-58
90
91                <category android:name="android.intent.category.LAUNCHER" />
91-->src/main/AndroidManifest.xml:54:9-69
91-->src/main/AndroidManifest.xml:54:19-66
92            </intent-filter>
93        </activity>
94        <activity
94-->src/main/AndroidManifest.xml:58:7-67:18
95            android:name="com.rndemo.MainActivity"
95-->src/main/AndroidManifest.xml:59:9-37
96            android:configChanges="keyboard|keyboardHidden|orientation|screenSize|uiMode"
96-->src/main/AndroidManifest.xml:61:9-86
97            android:exported="true"
97-->src/main/AndroidManifest.xml:64:9-32
98            android:label="@string/app_name"
98-->src/main/AndroidManifest.xml:60:9-41
99            android:launchMode="singleTask"
99-->src/main/AndroidManifest.xml:62:9-40
100            android:windowSoftInputMode="adjustResize" >
100-->src/main/AndroidManifest.xml:63:9-51
101        </activity>
102
103        <service android:name="io.invertase.firebase.messaging.ReactNativeFirebaseMessagingHeadlessService" />
103-->[:react-native-firebase_messaging] AndroidManifest.xml:14:9-111
103-->[:react-native-firebase_messaging] AndroidManifest.xml:14:18-108
104        <service
104-->[:react-native-firebase_messaging] AndroidManifest.xml:15:9-21:19
105            android:name="io.invertase.firebase.messaging.ReactNativeFirebaseMessagingService"
105-->[:react-native-firebase_messaging] AndroidManifest.xml:16:13-95
106            android:exported="false" >
106-->[:react-native-firebase_messaging] AndroidManifest.xml:17:13-37
107            <intent-filter>
107-->src/main/AndroidManifest.xml:29:13-31:29
108                <action android:name="com.google.firebase.MESSAGING_EVENT" />
108-->src/main/AndroidManifest.xml:30:17-78
108-->src/main/AndroidManifest.xml:30:25-75
109            </intent-filter>
110        </service>
111
112        <receiver
112-->[:react-native-firebase_messaging] AndroidManifest.xml:23:9-30:20
113            android:name="io.invertase.firebase.messaging.ReactNativeFirebaseMessagingReceiver"
113-->[:react-native-firebase_messaging] AndroidManifest.xml:24:13-96
114            android:exported="true"
114-->[:react-native-firebase_messaging] AndroidManifest.xml:25:13-36
115            android:permission="com.google.android.c2dm.permission.SEND" >
115-->[:react-native-firebase_messaging] AndroidManifest.xml:26:13-73
116            <intent-filter>
116-->[:react-native-firebase_messaging] AndroidManifest.xml:27:13-29:29
117                <action android:name="com.google.android.c2dm.intent.RECEIVE" />
117-->[:react-native-firebase_messaging] AndroidManifest.xml:28:17-81
117-->[:react-native-firebase_messaging] AndroidManifest.xml:28:25-78
118            </intent-filter>
119        </receiver>
120
121        <meta-data
121-->[:react-native-firebase_messaging] AndroidManifest.xml:32:9-34:36
122            android:name="firebase_messaging_auto_init_enabled"
122-->[:react-native-firebase_messaging] AndroidManifest.xml:33:13-64
123            android:value="true" />
123-->[:react-native-firebase_messaging] AndroidManifest.xml:34:13-33
124        <meta-data
124-->[:react-native-firebase_messaging] AndroidManifest.xml:35:9-37:32
125            android:name="com.google.firebase.messaging.default_notification_channel_id"
125-->[:react-native-firebase_messaging] AndroidManifest.xml:36:13-89
126            android:value="" />
126-->[:react-native-firebase_messaging] AndroidManifest.xml:37:13-29
127        <meta-data
127-->[:react-native-firebase_messaging] AndroidManifest.xml:38:9-40:47
128            android:name="com.google.firebase.messaging.default_notification_color"
128-->[:react-native-firebase_messaging] AndroidManifest.xml:39:13-84
129            android:resource="@color/white" />
129-->[:react-native-firebase_messaging] AndroidManifest.xml:40:13-44
130        <meta-data
130-->[:react-native-firebase_app] AndroidManifest.xml:10:9-12:36
131            android:name="app_data_collection_default_enabled"
131-->[:react-native-firebase_app] AndroidManifest.xml:11:13-63
132            android:value="true" />
132-->[:react-native-firebase_app] AndroidManifest.xml:12:13-33
133
134        <service
134-->[:react-native-firebase_app] AndroidManifest.xml:14:9-18:19
135            android:name="com.google.firebase.components.ComponentDiscoveryService"
135-->[:react-native-firebase_app] AndroidManifest.xml:14:18-89
136            android:directBootAware="true"
136-->[com.google.firebase:firebase-common:20.0.0] AndroidManifest.xml:35:13-43
137            android:exported="false" >
137-->[com.google.firebase:firebase-messaging:22.0.0] AndroidManifest.xml:51:13-37
138            <meta-data
138-->[:react-native-firebase_app] AndroidManifest.xml:15:13-17:85
139                android:name="com.google.firebase.components:io.invertase.firebase.app.ReactNativeFirebaseAppRegistrar"
139-->[:react-native-firebase_app] AndroidManifest.xml:16:17-120
140                android:value="com.google.firebase.components.ComponentRegistrar" />
140-->[:react-native-firebase_app] AndroidManifest.xml:17:17-82
141            <meta-data
141-->[com.google.firebase:firebase-messaging:22.0.0] AndroidManifest.xml:52:13-54:85
142                android:name="com.google.firebase.components:com.google.firebase.messaging.FirebaseMessagingRegistrar"
142-->[com.google.firebase:firebase-messaging:22.0.0] AndroidManifest.xml:53:17-119
143                android:value="com.google.firebase.components.ComponentRegistrar" />
143-->[com.google.firebase:firebase-messaging:22.0.0] AndroidManifest.xml:54:17-82
144            <meta-data
144-->[com.google.firebase:firebase-datatransport:18.0.0] AndroidManifest.xml:28:13-30:85
145                android:name="com.google.firebase.components:com.google.firebase.datatransport.TransportRegistrar"
145-->[com.google.firebase:firebase-datatransport:18.0.0] AndroidManifest.xml:29:17-115
146                android:value="com.google.firebase.components.ComponentRegistrar" />
146-->[com.google.firebase:firebase-datatransport:18.0.0] AndroidManifest.xml:30:17-82
147            <meta-data
147-->[com.google.firebase:firebase-storage:20.0.0] AndroidManifest.xml:33:13-35:85
148                android:name="com.google.firebase.components:com.google.firebase.storage.StorageRegistrar"
148-->[com.google.firebase:firebase-storage:20.0.0] AndroidManifest.xml:34:17-107
149                android:value="com.google.firebase.components.ComponentRegistrar" />
149-->[com.google.firebase:firebase-storage:20.0.0] AndroidManifest.xml:35:17-82
150            <meta-data
150-->[com.google.firebase:firebase-database:20.0.1] AndroidManifest.xml:32:13-34:85
151                android:name="com.google.firebase.components:com.google.firebase.database.DatabaseRegistrar"
151-->[com.google.firebase:firebase-database:20.0.1] AndroidManifest.xml:33:17-109
152                android:value="com.google.firebase.components.ComponentRegistrar" />
152-->[com.google.firebase:firebase-database:20.0.1] AndroidManifest.xml:34:17-82
153            <meta-data
153-->[com.google.android.gms:play-services-measurement-api:19.0.0] AndroidManifest.xml:30:13-32:85
154                android:name="com.google.firebase.components:com.google.firebase.analytics.connector.internal.AnalyticsConnectorRegistrar"
154-->[com.google.android.gms:play-services-measurement-api:19.0.0] AndroidManifest.xml:31:17-139
155                android:value="com.google.firebase.components.ComponentRegistrar" />
155-->[com.google.android.gms:play-services-measurement-api:19.0.0] AndroidManifest.xml:32:17-82
156            <meta-data
156-->[com.google.firebase:firebase-installations:17.0.0] AndroidManifest.xml:18:13-20:85
157                android:name="com.google.firebase.components:com.google.firebase.installations.FirebaseInstallationsRegistrar"
157-->[com.google.firebase:firebase-installations:17.0.0] AndroidManifest.xml:19:17-127
158                android:value="com.google.firebase.components.ComponentRegistrar" />
158-->[com.google.firebase:firebase-installations:17.0.0] AndroidManifest.xml:20:17-82
159        </service>
160
161        <provider
161-->[:react-native-firebase_app] AndroidManifest.xml:20:9-24:38
162            android:name="io.invertase.firebase.app.ReactNativeFirebaseAppInitProvider"
162-->[:react-native-firebase_app] AndroidManifest.xml:21:13-88
163            android:authorities="com.rndemo.reactnativefirebaseappinitprovider"
163-->[:react-native-firebase_app] AndroidManifest.xml:22:13-86
164            android:exported="false"
164-->[:react-native-firebase_app] AndroidManifest.xml:23:13-37
165            android:initOrder="99" />
165-->[:react-native-firebase_app] AndroidManifest.xml:24:13-35
166
167        <receiver
167-->[com.google.firebase:firebase-messaging:22.0.0] AndroidManifest.xml:28:9-35:20
168            android:name="com.google.firebase.iid.FirebaseInstanceIdReceiver"
168-->[com.google.firebase:firebase-messaging:22.0.0] AndroidManifest.xml:29:13-78
169            android:exported="true"
169-->[com.google.firebase:firebase-messaging:22.0.0] AndroidManifest.xml:30:13-36
170            android:permission="com.google.android.c2dm.permission.SEND" >
170-->[com.google.firebase:firebase-messaging:22.0.0] AndroidManifest.xml:31:13-73
171            <intent-filter>
171-->[:react-native-firebase_messaging] AndroidManifest.xml:27:13-29:29
172                <action android:name="com.google.android.c2dm.intent.RECEIVE" />
172-->[:react-native-firebase_messaging] AndroidManifest.xml:28:17-81
172-->[:react-native-firebase_messaging] AndroidManifest.xml:28:25-78
173            </intent-filter>
174        </receiver>
175        <!--
176             FirebaseMessagingService performs security checks at runtime,
177             but set to not exported to explicitly avoid allowing another app to call it.
178        -->
179        <service
179-->[com.google.firebase:firebase-messaging:22.0.0] AndroidManifest.xml:41:9-48:19
180            android:name="com.google.firebase.messaging.FirebaseMessagingService"
180-->[com.google.firebase:firebase-messaging:22.0.0] AndroidManifest.xml:42:13-82
181            android:directBootAware="true"
181-->[com.google.firebase:firebase-messaging:22.0.0] AndroidManifest.xml:43:13-43
182            android:exported="false" >
182-->[com.google.firebase:firebase-messaging:22.0.0] AndroidManifest.xml:44:13-37
183            <intent-filter android:priority="-500" >
183-->src/main/AndroidManifest.xml:29:13-31:29
184                <action android:name="com.google.firebase.MESSAGING_EVENT" />
184-->src/main/AndroidManifest.xml:30:17-78
184-->src/main/AndroidManifest.xml:30:25-75
185            </intent-filter>
186        </service>
187        <service
187-->[com.google.android.datatransport:transport-backend-cct:3.0.0] AndroidManifest.xml:29:9-35:19
188            android:name="com.google.android.datatransport.runtime.backends.TransportBackendDiscovery"
188-->[com.google.android.datatransport:transport-backend-cct:3.0.0] AndroidManifest.xml:30:13-103
189            android:exported="false" >
189-->[com.google.android.datatransport:transport-backend-cct:3.0.0] AndroidManifest.xml:31:13-37
190            <meta-data
190-->[com.google.android.datatransport:transport-backend-cct:3.0.0] AndroidManifest.xml:32:13-34:39
191                android:name="backend:com.google.android.datatransport.cct.CctBackendFactory"
191-->[com.google.android.datatransport:transport-backend-cct:3.0.0] AndroidManifest.xml:33:17-94
192                android:value="cct" />
192-->[com.google.android.datatransport:transport-backend-cct:3.0.0] AndroidManifest.xml:34:17-36
193        </service>
194
195        <provider
195-->[com.google.firebase:firebase-common:20.0.0] AndroidManifest.xml:26:9-31:39
196            android:name="com.google.firebase.provider.FirebaseInitProvider"
196-->[com.google.firebase:firebase-common:20.0.0] AndroidManifest.xml:27:13-77
197            android:authorities="com.rndemo.firebaseinitprovider"
197-->[com.google.firebase:firebase-common:20.0.0] AndroidManifest.xml:28:13-72
198            android:directBootAware="true"
198-->[com.google.firebase:firebase-common:20.0.0] AndroidManifest.xml:29:13-43
199            android:exported="false"
199-->[com.google.firebase:firebase-common:20.0.0] AndroidManifest.xml:30:13-37
200            android:initOrder="100" />
200-->[com.google.firebase:firebase-common:20.0.0] AndroidManifest.xml:31:13-36
201
202        <service
202-->[com.google.android.datatransport:transport-runtime:3.0.0] AndroidManifest.xml:26:9-30:19
203            android:name="com.google.android.datatransport.runtime.scheduling.jobscheduling.JobInfoSchedulerService"
203-->[com.google.android.datatransport:transport-runtime:3.0.0] AndroidManifest.xml:27:13-117
204            android:exported="false"
204-->[com.google.android.datatransport:transport-runtime:3.0.0] AndroidManifest.xml:28:13-37
205            android:permission="android.permission.BIND_JOB_SERVICE" >
205-->[com.google.android.datatransport:transport-runtime:3.0.0] AndroidManifest.xml:29:13-69
206        </service>
207
208        <receiver
208-->[com.google.android.datatransport:transport-runtime:3.0.0] AndroidManifest.xml:32:9-34:40
209            android:name="com.google.android.datatransport.runtime.scheduling.jobscheduling.AlarmManagerSchedulerBroadcastReceiver"
209-->[com.google.android.datatransport:transport-runtime:3.0.0] AndroidManifest.xml:33:13-132
210            android:exported="false" />
210-->[com.google.android.datatransport:transport-runtime:3.0.0] AndroidManifest.xml:34:13-37
211
212        <activity
212-->[com.google.android.gms:play-services-auth:19.2.0] AndroidManifest.xml:23:9-27:75
213            android:name="com.google.android.gms.auth.api.signin.internal.SignInHubActivity"
213-->[com.google.android.gms:play-services-auth:19.2.0] AndroidManifest.xml:24:13-93
214            android:excludeFromRecents="true"
214-->[com.google.android.gms:play-services-auth:19.2.0] AndroidManifest.xml:25:13-46
215            android:exported="false"
215-->[com.google.android.gms:play-services-auth:19.2.0] AndroidManifest.xml:26:13-37
216            android:theme="@android:style/Theme.Translucent.NoTitleBar" />
216-->[com.google.android.gms:play-services-auth:19.2.0] AndroidManifest.xml:27:13-72
217        <!--
218            Service handling Google Sign-In user revocation. For apps that do not integrate with
219            Google Sign-In, this service will never be started.
220        -->
221        <service
221-->[com.google.android.gms:play-services-auth:19.2.0] AndroidManifest.xml:33:9-37:51
222            android:name="com.google.android.gms.auth.api.signin.RevocationBoundService"
222-->[com.google.android.gms:play-services-auth:19.2.0] AndroidManifest.xml:34:13-89
223            android:exported="true"
223-->[com.google.android.gms:play-services-auth:19.2.0] AndroidManifest.xml:35:13-36
224            android:permission="com.google.android.gms.auth.api.signin.permission.REVOCATION_NOTIFICATION"
224-->[com.google.android.gms:play-services-auth:19.2.0] AndroidManifest.xml:36:13-107
225            android:visibleToInstantApps="true" />
225-->[com.google.android.gms:play-services-auth:19.2.0] AndroidManifest.xml:37:13-48
226
227        <receiver
227-->[com.google.android.gms:play-services-measurement:19.0.0] AndroidManifest.xml:29:9-33:20
228            android:name="com.google.android.gms.measurement.AppMeasurementReceiver"
228-->[com.google.android.gms:play-services-measurement:19.0.0] AndroidManifest.xml:30:13-85
229            android:enabled="true"
229-->[com.google.android.gms:play-services-measurement:19.0.0] AndroidManifest.xml:31:13-35
230            android:exported="false" >
230-->[com.google.android.gms:play-services-measurement:19.0.0] AndroidManifest.xml:32:13-37
231        </receiver>
232
233        <service
233-->[com.google.android.gms:play-services-measurement:19.0.0] AndroidManifest.xml:35:9-38:40
234            android:name="com.google.android.gms.measurement.AppMeasurementService"
234-->[com.google.android.gms:play-services-measurement:19.0.0] AndroidManifest.xml:36:13-84
235            android:enabled="true"
235-->[com.google.android.gms:play-services-measurement:19.0.0] AndroidManifest.xml:37:13-35
236            android:exported="false" />
236-->[com.google.android.gms:play-services-measurement:19.0.0] AndroidManifest.xml:38:13-37
237        <service
237-->[com.google.android.gms:play-services-measurement:19.0.0] AndroidManifest.xml:39:9-43:72
238            android:name="com.google.android.gms.measurement.AppMeasurementJobService"
238-->[com.google.android.gms:play-services-measurement:19.0.0] AndroidManifest.xml:40:13-87
239            android:enabled="true"
239-->[com.google.android.gms:play-services-measurement:19.0.0] AndroidManifest.xml:41:13-35
240            android:exported="false"
240-->[com.google.android.gms:play-services-measurement:19.0.0] AndroidManifest.xml:42:13-37
241            android:permission="android.permission.BIND_JOB_SERVICE" />
241-->[com.google.android.gms:play-services-measurement:19.0.0] AndroidManifest.xml:43:13-69
242
243        <activity
243-->[com.google.android.gms:play-services-base:17.5.0] AndroidManifest.xml:23:9-26:75
244            android:name="com.google.android.gms.common.api.GoogleApiActivity"
244-->[com.google.android.gms:play-services-base:17.5.0] AndroidManifest.xml:24:13-79
245            android:exported="false"
245-->[com.google.android.gms:play-services-base:17.5.0] AndroidManifest.xml:25:13-37
246            android:theme="@android:style/Theme.Translucent.NoTitleBar" />
246-->[com.google.android.gms:play-services-base:17.5.0] AndroidManifest.xml:26:13-72
247
248        <meta-data
248-->[com.google.android.gms:play-services-basement:17.5.0] AndroidManifest.xml:23:9-25:69
249            android:name="com.google.android.gms.version"
249-->[com.google.android.gms:play-services-basement:17.5.0] AndroidManifest.xml:24:13-58
250            android:value="@integer/google_play_services_version" />
250-->[com.google.android.gms:play-services-basement:17.5.0] AndroidManifest.xml:25:13-66
251    </application>
252
253</manifest>